<?xml version="1.0" encoding="UTF-8"?>
<!-- Generated by org.testng.reporters.JUnitReportReporter -->
<testsuite hostname="DESKTOP-46BCDHA" failures="0" tests="7" name="demo.AppiumFramework.Hybridapptest" time="111.871" errors="0" timestamp="2023-06-25T15:35:50 IST" skipped="0">
  <testcase classname="demo.AppiumFramework.Hybridapptest" name="bookNow" time="22.974"/>
  <system-out/>
  <testcase classname="demo.AppiumFramework.Hybridapptest" name="menuBar_bookings" time="15.974"/>
  <system-out/>
  <testcase classname="demo.AppiumFramework.Hybridapptest" name="aboutUs" time="16.142"/>
  <system-out/>
  <testcase classname="demo.AppiumFramework.Hybridapptest" name="informationCenter" time="20.058"/>
  <system-out/>
  <testcase classname="demo.AppiumFramework.Hybridapptest" name="Profile" time="7.754"/>
  <system-out/>
  <testcase classname="demo.AppiumFramework.Hybridapptest" name="appLanguage" time="13.677"/>
  <system-out/>
  <testcase classname="demo.AppiumFramework.Hybridapptest" name="callUs" time="15.292"/>
  <system-out/>
</testsuite> <!-- demo.AppiumFramework.Hybridapptest -->
